-------------------------------------------------------
 T E S T S
-------------------------------------------------------
Running org.broadleafcommerce.core.order.domain.TestOrderImplPanktiGen
WARNING: An illegal reflective access operation has occurred
WARNING: Illegal reflective access by com.thoughtworks.xstream.core.util.Fields (file:/home/gluckzhang/.m2/repository/com/thoughtworks/xstream/xstream/1.4.12/xstream-1.4.12.jar) to field java.util.TreeMap.comparator
WARNING: Please consider reporting this to the maintainers of com.thoughtworks.xstream.core.util.Fields
WARNING: Use --illegal-access=warn to enable warnings of further illegal reflective access operations
WARNING: All illegal access operations will be denied in a future release
Security framework of XStream not initialized, XStream is probably vulnerable.
SLF4J: Failed to load class "org.slf4j.impl.StaticLoggerBinder".
SLF4J: Defaulting to no-operation (NOP) logger implementation
SLF4J: See http://www.slf4j.org/codes.html#StaticLoggerBinder for further details.
Tests run: 12, Failures: 0, Errors: 0, Skipped: 0, Time elapsed: 0.599 sec
Running org.broadleafcommerce.core.order.fulfillment.domain.TestFixedPriceFulfillmentOptionImplPanktiGen
Security framework of XStream not initialized, XStream is probably vulnerable.
Tests run: 1, Failures: 1, Errors: 0, Skipped: 0, Time elapsed: 0.013 sec <<< FAILURE!
Running org.broadleafcommerce.core.pricing.service.fulfillment.provider.TestFixedPriceFulfillmentPricingProviderPanktiGen
Security framework of XStream not initialized, XStream is probably vulnerable.
Tests run: 2, Failures: 0, Errors: 0, Skipped: 0, Time elapsed: 0.027 sec
Running org.broadleafcommerce.core.catalog.domain.TestSkuImplPanktiGen
Security framework of XStream not initialized, XStream is probably vulnerable.
Tests run: 334, Failures: 106, Errors: 0, Skipped: 0, Time elapsed: 0.472 sec <<< FAILURE!
Running org.broadleafcommerce.core.catalog.service.dynamic.TestDynamicSkuPricesPanktiGen
Security framework of XStream not initialized, XStream is probably vulnerable.
Tests run: 2, Failures: 0, Errors: 0, Skipped: 0, Time elapsed: 0.001 sec

Results :

Failed tests:   testGetPrice1(org.broadleafcommerce.core.order.fulfillment.domain.TestFixedPriceFulfillmentOptionImplPanktiGen): expected:<20> but was:<20.00>
  testGetName2(org.broadleafcommerce.core.catalog.domain.TestSkuImplPanktiGen): expected:<Heat Clinic [dibujado a mano (Mujere]s)> but was:<Heat Clinic [Hand-Drawn (Women']s)>
  testGetName3(org.broadleafcommerce.core.catalog.domain.TestSkuImplPanktiGen): expected:<[Mascot Clinique chaleur (Femme]s)> but was:<[Heat Clinic Mascot (Women']s)>
  testGetName4(org.broadleafcommerce.core.catalog.domain.TestSkuImplPanktiGen): expected:<[Fin del Mundo Salsa]> but was:<[Armageddon The Hot Sauce To End All]>
  testGetName5(org.broadleafcommerce.core.catalog.domain.TestSkuImplPanktiGen): expected:<[Salsa del D&iacute;a de los Muertos de Habanero]> but was:<[Day of the Dead Habanero Hot Sauce]>
  testGetName8(org.broadleafcommerce.core.catalog.domain.TestSkuImplPanktiGen): expected:<Dr[ Chilemeister Sauce Hot Insan]e> but was:<Dr[. Chilemeister's Insane Hot Sauc]e>
  testGetBaseRetailPrice1(org.broadleafcommerce.core.catalog.domain.TestSkuImplPanktiGen): expected:<6.9899997711181640625> but was:<6.99>
  testGetBaseRetailPrice2(org.broadleafcommerce.core.catalog.domain.TestSkuImplPanktiGen): expected:<4.9899997711181640625> but was:<4.99>
  testGetBaseRetailPrice3(org.broadleafcommerce.core.catalog.domain.TestSkuImplPanktiGen): expected:<6.9899997711181640625> but was:<6.99>
  testGetBaseRetailPrice4(org.broadleafcommerce.core.catalog.domain.TestSkuImplPanktiGen): expected:<4.9899997711181640625> but was:<4.99>
  testGetPriceData1(org.broadleafcommerce.core.catalog.domain.TestSkuImplPanktiGen): expected:<org.broadleafcommerce.core.catalog.service.dynamic.DynamicSkuPrices@75cd8043> but was:<org.broadleafcommerce.core.catalog.service.dynamic.DynamicSkuPrices@33b1c5c5>
  testGetPriceData2(org.broadleafcommerce.core.catalog.domain.TestSkuImplPanktiGen): expected:<org.broadleafcommerce.core.catalog.service.dynamic.DynamicSkuPrices@10b9db7b> but was:<org.broadleafcommerce.core.catalog.service.dynamic.DynamicSkuPrices@9ef8eb7>
  testGetPriceData3(org.broadleafcommerce.core.catalog.domain.TestSkuImplPanktiGen): expected:<org.broadleafcommerce.core.catalog.service.dynamic.DynamicSkuPrices@6ee660fb> but was:<org.broadleafcommerce.core.catalog.service.dynamic.DynamicSkuPrices@305a0c5f>
  testGetPriceData4(org.broadleafcommerce.core.catalog.domain.TestSkuImplPanktiGen): expected:<org.broadleafcommerce.core.catalog.service.dynamic.DynamicSkuPrices@1ecee32c> but was:<org.broadleafcommerce.core.catalog.service.dynamic.DynamicSkuPrices@4372b9b6>
  testGetName10(org.broadleafcommerce.core.catalog.domain.TestSkuImplPanktiGen): expected:<Blazin[ 'Selle XXX Hot Habanero sauce au poivr]e> but was:<Blazin[' Saddle XXX Hot Habanero Pepper Sauc]e>
  testGetName11(org.broadleafcommerce.core.catalog.domain.TestSkuImplPanktiGen): expected:<[Salsa de Cayene Fresco]> but was:<[Cool Cayenne Pepper Hot Sauce]>
  testGetName16(org.broadleafcommerce.core.catalog.domain.TestSkuImplPanktiGen): expected:<Hawt [comme une chemise Habanero (Femme]s)> but was:<Hawt [Like a Habanero Shirt (Women']s)>
  testGetName17(org.broadleafcommerce.core.catalog.domain.TestSkuImplPanktiGen): expected:<[Sauce chaudes Chipotl]e> but was:<[Roasted Red Pepper & Chipotle Hot Sauc]e>
  testGetName18(org.broadleafcommerce.core.catalog.domain.TestSkuImplPanktiGen): expected:<S[alsa de la Muerte S&uacute;bita]> but was:<S[udden Death Sauce]>
  testGetName19(org.broadleafcommerce.core.catalog.domain.TestSkuImplPanktiGen): expected:<[Salsa Loca del Dr. Chilemeister]> but was:<[Dr. Chilemeister's Insane Hot Sauce]>
  testGetName27(org.broadleafcommerce.core.catalog.domain.TestSkuImplPanktiGen): expected:<S[auce mort subit]e> but was:<S[udden Death Sauc]e>
  testGetName33(org.broadleafcommerce.core.catalog.domain.TestSkuImplPanktiGen): expected:<S[auce Scotch Bonnet chaud]> but was:<S[cotch Bonnet Hot Sauce]>
  testGetName34(org.broadleafcommerce.core.catalog.domain.TestSkuImplPanktiGen): expected:<Bull Snort Cowboy [poivre de Cayenne] Hot Sauce> but was:<Bull Snort Cowboy [Cayenne Pepper] Hot Sauce>
  testGetName35(org.broadleafcommerce.core.catalog.domain.TestSkuImplPanktiGen): expected:<[Clinique de chaleur tir&eacute; par la main (Homme]s)> but was:<[Heat Clinic Hand-Drawn (Men']s)>
  testGetName36(org.broadleafcommerce.core.catalog.domain.TestSkuImplPanktiGen): expected:<[Jour de la sauce Scotch Bonnet Hot Mort]e> but was:<[Day of the Dead Scotch Bonnet Hot Sauc]e>
  testGetName37(org.broadleafcommerce.core.catalog.domain.TestSkuImplPanktiGen): expected:<[Mascot Clinique chaleur (Femme]s)> but was:<[Heat Clinic Mascot (Women']s)>
  testGetName42(org.broadleafcommerce.core.catalog.domain.TestSkuImplPanktiGen): expected:<[Salsa de Pimienta Roja y Chipotl]e> but was:<[Roasted Red Pepper & Chipotle Hot Sauc]e>
  testGetName44(org.broadleafcommerce.core.catalog.domain.TestSkuImplPanktiGen): expected:<[Salsa de la Muerte Saltant]e> but was:<[Hoppin' Hot Sauc]e>
  testGetName47(org.broadleafcommerce.core.catalog.domain.TestSkuImplPanktiGen): expected:<[Salsa del D&iacute;a de los Muertos de Habanero]> but was:<[Day of the Dead Habanero Hot Sauce]>
  testGetName49(org.broadleafcommerce.core.catalog.domain.TestSkuImplPanktiGen): expected:<[Clinique de chaleur tir&eacute; par la main (Femme]s)> but was:<[Heat Clinic Hand-Drawn (Women']s)>
  testGetName52(org.broadleafcommerce.core.catalog.domain.TestSkuImplPanktiGen): expected:<Ho[t Sauce Hoppin]> but was:<Ho[ppin' Hot Sauce]>
  testGetName54(org.broadleafcommerce.core.catalog.domain.TestSkuImplPanktiGen): expected:<[Sauces chaudes Jalapeno]> but was:<[Hurtin' Jalapeno Hot Sauce]>
  testGetName56(org.broadleafcommerce.core.catalog.domain.TestSkuImplPanktiGen): expected:<[Mascot Clinique chaleur (Homme]s)> but was:<[Heat Clinic Mascot (Men']s)>
  testGetName57(org.broadleafcommerce.core.catalog.domain.TestSkuImplPanktiGen): expected:<[Salsa del D&iacute;a de los Muertos de Bonnet Escoc&eacute;s]> but was:<[Day of the Dead Scotch Bonnet Hot Sauce]>
  testGetName58(org.broadleafcommerce.core.catalog.domain.TestSkuImplPanktiGen): expected:<[Salsa de Cayene Fresco]> but was:<[Cool Cayenne Pepper Hot Sauce]>
  testGetName59(org.broadleafcommerce.core.catalog.domain.TestSkuImplPanktiGen): expected:<[Fin del Mundo Salsa]> but was:<[Armageddon The Hot Sauce To End All]>
  testGetName62(org.broadleafcommerce.core.catalog.domain.TestSkuImplPanktiGen): expected:<[Clinique de chaleur tir&eacute; par la main (Femme]s)> but was:<[Heat Clinic Hand-Drawn (Women']s)>
  testGetName64(org.broadleafcommerce.core.catalog.domain.TestSkuImplPanktiGen): expected:<[Sauce &agrave; l'ail rÃ´ti chaud]> but was:<[Roasted Garlic Hot Sauce]>
  testGetName67(org.broadleafcommerce.core.catalog.domain.TestSkuImplPanktiGen): expected:<[Salsa de Jalape&ntilde;o Ardient]e> but was:<[Hurtin' Jalapeno Hot Sauc]e>
  testGetName69(org.broadleafcommerce.core.catalog.domain.TestSkuImplPanktiGen): expected:<[Salsa de Pimienta Roja y Chipotl]e> but was:<[Roasted Red Pepper & Chipotle Hot Sauc]e>
  testGetName71(org.broadleafcommerce.core.catalog.domain.TestSkuImplPanktiGen): expected:<Bull Snort Smokin[ 'Hot Sauce Toncils]> but was:<Bull Snort Smokin[' Toncils Hot Sauce]>
  testGetName77(org.broadleafcommerce.core.catalog.domain.TestSkuImplPanktiGen): expected:<[Salsa Picante del Vaquero]> but was:<[Bull Snort Cowboy Cayenne Pepper Hot Sauce]>
  testGetName79(org.broadleafcommerce.core.catalog.domain.TestSkuImplPanktiGen): expected:<[Frais Poivre de Cayenne] Hot Sauce> but was:<[Cool Cayenne Pepper] Hot Sauce>
  testGetName80(org.broadleafcommerce.core.catalog.domain.TestSkuImplPanktiGen): expected:<Bull Snort Smokin[ 'Hot Sauce Toncils]> but was:<Bull Snort Smokin[' Toncils Hot Sauce]>
  testGetName83(org.broadleafcommerce.core.catalog.domain.TestSkuImplPanktiGen): expected:<[Frais Poivre de Cayenne] Hot Sauce> but was:<[Cool Cayenne Pepper] Hot Sauce>
  testGetName84(org.broadleafcommerce.core.catalog.domain.TestSkuImplPanktiGen): expected:<[Camisa de Habanero Hawt (Hombre]s)> but was:<[Hawt Like a Habanero Shirt (Men']s)>
  testGetName87(org.broadleafcommerce.core.catalog.domain.TestSkuImplPanktiGen): expected:<S[auce Sweet Death]> but was:<S[weet Death Sauce]>
  testGetName88(org.broadleafcommerce.core.catalog.domain.TestSkuImplPanktiGen): expected:<[Mascota de Heat Clinic (Hombre]s)> but was:<[Heat Clinic Mascot (Men']s)>
  testGetName89(org.broadleafcommerce.core.catalog.domain.TestSkuImplPanktiGen): expected:<[Salsa de la Muerte Saltant]e> but was:<[Hoppin' Hot Sauc]e>
  testGetName90(org.broadleafcommerce.core.catalog.domain.TestSkuImplPanktiGen): expected:<[Camisa de Habanero Hawt (Hombre]s)> but was:<[Hawt Like a Habanero Shirt (Men']s)>
  testGetName95(org.broadleafcommerce.core.catalog.domain.TestSkuImplPanktiGen): expected:<[Salsa Dulce de Cajun de Lousian]e> but was:<[Cafe Louisiane Sweet Cajun Blackening Sauc]e>
  testGetName96(org.broadleafcommerce.core.catalog.domain.TestSkuImplPanktiGen): expected:<[Mascot Clinique chaleur (Homme]s)> but was:<[Heat Clinic Mascot (Men']s)>
  testGetName98(org.broadleafcommerce.core.catalog.domain.TestSkuImplPanktiGen): expected:<[Salsa Picante del Vaquero]> but was:<[Bull Snort Cowboy Cayenne Pepper Hot Sauce]>
  testGetName99(org.broadleafcommerce.core.catalog.domain.TestSkuImplPanktiGen): expected:<[Salsa de Jalape&ntilde;o Ardient]e> but was:<[Hurtin' Jalapeno Hot Sauc]e>
  testGetName100(org.broadleafcommerce.core.catalog.domain.TestSkuImplPanktiGen): expected:<[Salsa Dulce de Cajun de Lousian]e> but was:<[Cafe Louisiane Sweet Cajun Blackening Sauc]e>
  testGetName102(org.broadleafcommerce.core.catalog.domain.TestSkuImplPanktiGen): expected:<S[alsa de la Muerte S&uacute;bita]> but was:<S[udden Death Sauce]>
  testGetName103(org.broadleafcommerce.core.catalog.domain.TestSkuImplPanktiGen): expected:<[Salsa Loca del Dr. Chilemeister]> but was:<[Dr. Chilemeister's Insane Hot Sauce]>
  testGetName104(org.broadleafcommerce.core.catalog.domain.TestSkuImplPanktiGen): expected:<Heat Clinic [dibujado a mano (Mujere]s)> but was:<Heat Clinic [Hand-Drawn (Women']s)>
  testGetName105(org.broadleafcommerce.core.catalog.domain.TestSkuImplPanktiGen): expected:<S[auce Sweet Death]> but was:<S[weet Death Sauce]>
  testGetName107(org.broadleafcommerce.core.catalog.domain.TestSkuImplPanktiGen): expected:<[Salsa del D&iacute;a de los Muertos de Chipotl]e> but was:<[Day of the Dead Chipotle Hot Sauc]e>
  testGetName109(org.broadleafcommerce.core.catalog.domain.TestSkuImplPanktiGen): expected:<Blazin[ 'Selle XXX Hot Habanero sauce au poivr]e> but was:<Blazin[' Saddle XXX Hot Habanero Pepper Sauc]e>
  testGetName110(org.broadleafcommerce.core.catalog.domain.TestSkuImplPanktiGen): expected:<Dr[ Chilemeister Sauce Hot Insan]e> but was:<Dr[. Chilemeister's Insane Hot Sauc]e>
  testGetName112(org.broadleafcommerce.core.catalog.domain.TestSkuImplPanktiGen): expected:<Armageddon [L]e Hot Sauce To End A...> but was:<Armageddon [Th]e Hot Sauce To End A...>
  testGetName113(org.broadleafcommerce.core.catalog.domain.TestSkuImplPanktiGen): expected:<S[alsa de la Muerte Dul]ce> but was:<S[weet Death Sau]ce>
  testGetName114(org.broadleafcommerce.core.catalog.domain.TestSkuImplPanktiGen): expected:<[Camisa de Habanero Hawt (Mujere]s)> but was:<[Hawt Like a Habanero Shirt (Women']s)>
  testGetName115(org.broadleafcommerce.core.catalog.domain.TestSkuImplPanktiGen): expected:<[Mascota de Heat Clinic (Mujere]s)> but was:<[Heat Clinic Mascot (Women']s)>
  testGetName119(org.broadleafcommerce.core.catalog.domain.TestSkuImplPanktiGen): expected:<[Mascota de Heat Clinic (Hombre]s)> but was:<[Heat Clinic Mascot (Men']s)>
  testGetName121(org.broadleafcommerce.core.catalog.domain.TestSkuImplPanktiGen): expected:<[Salsa de Locura]> but was:<[Insanity Sauce]>
  testGetName125(org.broadleafcommerce.core.catalog.domain.TestSkuImplPanktiGen): expected:<[Mascota de Heat Clinic (Mujere]s)> but was:<[Heat Clinic Mascot (Women']s)>
  testGetName126(org.broadleafcommerce.core.catalog.domain.TestSkuImplPanktiGen): expected:<Caf[&eacute; Cajun Louisiane Douce Sauce Blackening]> but was:<Caf[e Louisiane Sweet Cajun Blackening Sauce]>
  testGetName128(org.broadleafcommerce.core.catalog.domain.TestSkuImplPanktiGen): expected:<[Sauce Scotch Bonnet chaud]> but was:<[Insanity Sauce]>
  testGetName129(org.broadleafcommerce.core.catalog.domain.TestSkuImplPanktiGen): expected:<S[auce mort subit]e> but was:<S[udden Death Sauc]e>
  testGetName133(org.broadleafcommerce.core.catalog.domain.TestSkuImplPanktiGen): expected:<[Jour de la sauce chaude Morte Chipotl]e> but was:<[Day of the Dead Chipotle Hot Sauc]e>
  testGetName134(org.broadleafcommerce.core.catalog.domain.TestSkuImplPanktiGen): expected:<Heat Clinic [dibujado a mano (Hombre]s)> but was:<Heat Clinic [Hand-Drawn (Men']s)>
  testGetName135(org.broadleafcommerce.core.catalog.domain.TestSkuImplPanktiGen): expected:<[Jour de la sauce Habanero Hot Mort]e> but was:<[Day of the Dead Habanero Hot Sauc]e>
  testGetName136(org.broadleafcommerce.core.catalog.domain.TestSkuImplPanktiGen): expected:<Hawt [comme une chemise Habanero (Femme]s)> but was:<Hawt [Like a Habanero Shirt (Women']s)>
  testGetName138(org.broadleafcommerce.core.catalog.domain.TestSkuImplPanktiGen): expected:<[Salsa de Ajo Tostado]> but was:<[Roasted Garlic Hot Sauce]>
  testGetName140(org.broadleafcommerce.core.catalog.domain.TestSkuImplPanktiGen): expected:<Ho[t Sauce Hoppin]> but was:<Ho[ppin' Hot Sauce]>
  testGetName144(org.broadleafcommerce.core.catalog.domain.TestSkuImplPanktiGen): expected:<[Salsa de Habanero de la Silla Ardient]e> but was:<[Blazin' Saddle XXX Hot Habanero Pepper Sauc]e>
  testGetName146(org.broadleafcommerce.core.catalog.domain.TestSkuImplPanktiGen): expected:<S[alsa de Locura]> but was:<S[cotch Bonnet Hot Sauce]>
  testGetName149(org.broadleafcommerce.core.catalog.domain.TestSkuImplPanktiGen): expected:<[Salsa de Locura]> but was:<[Insanity Sauce]>
  testGetName150(org.broadleafcommerce.core.catalog.domain.TestSkuImplPanktiGen): expected:<Caf[&eacute; Cajun Louisiane Douce Sauce Blackening]> but was:<Caf[e Louisiane Sweet Cajun Blackening Sauce]>
  testGetName151(org.broadleafcommerce.core.catalog.domain.TestSkuImplPanktiGen): expected:<Bull Snort Cowboy [poivre de Cayenne] Hot Sauce> but was:<Bull Snort Cowboy [Cayenne Pepper] Hot Sauce>
  testGetName152(org.broadleafcommerce.core.catalog.domain.TestSkuImplPanktiGen): expected:<[Salsa del D&iacute;a de los Muertos de Bonnet Escoc&eacute;s]> but was:<[Day of the Dead Scotch Bonnet Hot Sauce]>
  testGetName153(org.broadleafcommerce.core.catalog.domain.TestSkuImplPanktiGen): expected:<[Jour de la sauce chaude Morte Chipotl]e> but was:<[Day of the Dead Chipotle Hot Sauc]e>
  testGetName154(org.broadleafcommerce.core.catalog.domain.TestSkuImplPanktiGen): expected:<[Fantasma Verde]> but was:<[Green Ghost]>
  testGetName155(org.broadleafcommerce.core.catalog.domain.TestSkuImplPanktiGen): expected:<[Salsa de Ajo Tostado]> but was:<[Roasted Garlic Hot Sauce]>
  testGetName156(org.broadleafcommerce.core.catalog.domain.TestSkuImplPanktiGen): expected:<[Fantasma Verde]> but was:<[Green Ghost]>
  testGetName157(org.broadleafcommerce.core.catalog.domain.TestSkuImplPanktiGen): expected:<[Salsa de Habanero de la Silla Ardient]e> but was:<[Blazin' Saddle XXX Hot Habanero Pepper Sauc]e>
  testGetName158(org.broadleafcommerce.core.catalog.domain.TestSkuImplPanktiGen): expected:<S[alsa de Locura]> but was:<S[cotch Bonnet Hot Sauce]>
  testGetName159(org.broadleafcommerce.core.catalog.domain.TestSkuImplPanktiGen): expected:<[Salsa del D&iacute;a de los Muertos de Chipotl]e> but was:<[Day of the Dead Chipotle Hot Sauc]e>
  testGetName160(org.broadleafcommerce.core.catalog.domain.TestSkuImplPanktiGen): expected:<Hawt [comme une chemise Habanero (Homme]s)> but was:<Hawt [Like a Habanero Shirt (Men']s)>
  testGetName161(org.broadleafcommerce.core.catalog.domain.TestSkuImplPanktiGen): expected:<S[alsa de la Muerte Dul]ce> but was:<S[weet Death Sau]ce>
  testGetName166(org.broadleafcommerce.core.catalog.domain.TestSkuImplPanktiGen): expected:<[Sauce Scotch Bonnet chaud]> but was:<[Insanity Sauce]>
  testGetName168(org.broadleafcommerce.core.catalog.domain.TestSkuImplPanktiGen): expected:<[Salsa Mata-Gargantas de Bull Snort]> but was:<[Bull Snort Smokin' Toncils Hot Sauce]>
  testGetName170(org.broadleafcommerce.core.catalog.domain.TestSkuImplPanktiGen): expected:<[Sauces chaudes Jalapeno]> but was:<[Hurtin' Jalapeno Hot Sauce]>
  testGetName171(org.broadleafcommerce.core.catalog.domain.TestSkuImplPanktiGen): expected:<Hawt [comme une chemise Habanero (Homme]s)> but was:<Hawt [Like a Habanero Shirt (Men']s)>
  testGetName172(org.broadleafcommerce.core.catalog.domain.TestSkuImplPanktiGen): expected:<Armageddon [L]e Hot Sauce To End A...> but was:<Armageddon [Th]e Hot Sauce To End A...>
  testGetName173(org.broadleafcommerce.core.catalog.domain.TestSkuImplPanktiGen): expected:<[Sauce &agrave; l'ail rÃ´ti chaud]> but was:<[Roasted Garlic Hot Sauce]>
  testGetName175(org.broadleafcommerce.core.catalog.domain.TestSkuImplPanktiGen): expected:<[Jour de la sauce Habanero Hot Mort]e> but was:<[Day of the Dead Habanero Hot Sauc]e>
  testGetName176(org.broadleafcommerce.core.catalog.domain.TestSkuImplPanktiGen): expected:<S[auce Scotch Bonnet chaud]> but was:<S[cotch Bonnet Hot Sauce]>
  testGetName177(org.broadleafcommerce.core.catalog.domain.TestSkuImplPanktiGen): expected:<[Clinique de chaleur tir&eacute; par la main (Homme]s)> but was:<[Heat Clinic Hand-Drawn (Men']s)>
  testGetName178(org.broadleafcommerce.core.catalog.domain.TestSkuImplPanktiGen): expected:<Heat Clinic [dibujado a mano (Hombre]s)> but was:<Heat Clinic [Hand-Drawn (Men']s)>
  testGetName179(org.broadleafcommerce.core.catalog.domain.TestSkuImplPanktiGen): expected:<[Salsa Mata-Gargantas de Bull Snort]> but was:<[Bull Snort Smokin' Toncils Hot Sauce]>
  testGetName180(org.broadleafcommerce.core.catalog.domain.TestSkuImplPanktiGen): expected:<[Camisa de Habanero Hawt (Mujere]s)> but was:<[Hawt Like a Habanero Shirt (Women']s)>
  testGetName181(org.broadleafcommerce.core.catalog.domain.TestSkuImplPanktiGen): expected:<[Jour de la sauce Scotch Bonnet Hot Mort]e> but was:<[Day of the Dead Scotch Bonnet Hot Sauc]e>
  testGetName182(org.broadleafcommerce.core.catalog.domain.TestSkuImplPanktiGen): expected:<[Sauce chaudes Chipotl]e> but was:<[Roasted Red Pepper & Chipotle Hot Sauc]e>

Tests run: 351, Failures: 107, Errors: 0, Skipped: 0